2025-10-16T11:14:37.490+02:00  INFO 4172 --- [mapa] [main] [                                                 ] com.calabozo.mapa.MapaApplication        : Starting MapaApplication using Java 17.0.16 with PID 4172 (C:\DESSERV\SPRINGBOOT\calabozo\mapa\target\classes started by pmpin in C:\DESSERV)
2025-10-16T11:14:37.495+02:00  INFO 4172 --- [mapa] [main] [                                                 ] com.calabozo.mapa.MapaApplication        : No active profile set, falling back to 1 default profile: "default"
2025-10-16T11:14:38.570+02:00  INFO 4172 --- [mapa] [main] [                                                 ] .s.d.r.c.RepositoryConfigurationDelegate : Bootstrapping Spring Data JPA repositories in DEFAULT mode.
2025-10-16T11:14:38.667+02:00  INFO 4172 --- [mapa] [main] [                                                 ] .s.d.r.c.RepositoryConfigurationDelegate : Finished Spring Data repository scanning in 68 ms. Found 2 JPA repository interfaces.
2025-10-16T11:14:39.373+02:00  INFO 4172 --- [mapa] [main] [                                                 ] o.s.boot.tomcat.TomcatWebServer          : Tomcat initialized with port 8080 (http)
2025-10-16T11:14:39.388+02:00  INFO 4172 --- [mapa] [main] [                                                 ] o.apache.catalina.core.StandardService   : Starting service [Tomcat]
2025-10-16T11:14:39.388+02:00  INFO 4172 --- [mapa] [main] [                                                 ] o.apache.catalina.core.StandardEngine    : Starting Servlet engine: [Apache Tomcat/11.0.11]
2025-10-16T11:14:39.454+02:00  INFO 4172 --- [mapa] [main] [                                                 ] b.w.c.s.WebApplicationContextInitializer : Root WebApplicationContext: initialization completed in 1908 ms
2025-10-16T11:14:39.793+02:00  INFO 4172 --- [mapa] [main] [                                                 ] o.hibernate.jpa.internal.util.LogHelper  : HHH000204: Processing PersistenceUnitInfo [name: default]
2025-10-16T11:14:39.856+02:00  INFO 4172 --- [mapa] [main] [                                                 ] org.hibernate.Version                    : HHH000412: Hibernate ORM core version 7.1.1.Final
2025-10-16T11:14:40.426+02:00  INFO 4172 --- [mapa] [main] [                                                 ] o.s.o.j.p.SpringPersistenceUnitInfo      : No LoadTimeWeaver setup: ignoring JPA class transformer
2025-10-16T11:14:40.465+02:00  INFO 4172 --- [mapa] [main] [                                                 ] com.zaxxer.hikari.HikariDataSource       : HikariPool-1 - Starting...
2025-10-16T11:14:40.855+02:00  INFO 4172 --- [mapa] [main] [                                                 ] com.zaxxer.hikari.pool.HikariPool        : HikariPool-1 - Added connection com.mysql.cj.jdbc.ConnectionImpl@dd77e0d
2025-10-16T11:14:40.858+02:00  INFO 4172 --- [mapa] [main] [                                                 ] com.zaxxer.hikari.HikariDataSource       : HikariPool-1 - Start completed.
2025-10-16T11:14:40.916+02:00  WARN 4172 --- [mapa] [main] [                                                 ] org.hibernate.orm.deprecation            : HHH90000025: MySQLDialect does not need to be specified explicitly using 'hibernate.dialect' (remove the property setting and it will be selected by default)
2025-10-16T11:14:40.933+02:00  INFO 4172 --- [mapa] [main] [                                                 ] org.hibernate.orm.connections.pooling    : HHH10001005: Database info:
	Database JDBC URL [jdbc:mysql://localhost:3306/citydungeon]
	Database driver: MySQL Connector/J
	Database dialect: MySQLDialect
	Database version: 8.0.43
	Default catalog/schema: citydungeon/undefined
	Autocommit mode: undefined/unknown
	Isolation level: REPEATABLE_READ [default REPEATABLE_READ]
	JDBC fetch size: none
	Pool: DatasourceConnectionProviderImpl
	Minimum pool size: undefined/unknown
	Maximum pool size: undefined/unknown
2025-10-16T11:14:41.874+02:00  INFO 4172 --- [mapa] [main] [                                                 ] o.h.e.t.j.p.i.JtaPlatformInitiator       : HHH000489: No JTA platform available (set 'hibernate.transaction.jta.platform' to enable JTA platform integration)
2025-10-16T11:14:41.934+02:00  INFO 4172 --- [mapa] [main] [                                                 ] j.LocalContainerEntityManagerFactoryBean : Initialized JPA EntityManagerFactory for persistence unit 'default'
2025-10-16T11:14:42.035+02:00  INFO 4172 --- [mapa] [main] [                                                 ] o.s.d.j.r.query.QueryEnhancerFactories   : Hibernate is in classpath; If applicable, HQL parser will be used.
2025-10-16T11:14:42.303+02:00  WARN 4172 --- [mapa] [main] [                                                 ] ConfigServletWebServerApplicationContext : Exception encountered during context initialization - cancelling refresh attempt: org.springframework.beans.factory.BeanCreationException: Error creating bean with name 'mainController' defined in file [C:\DESSERV\SPRINGBOOT\calabozo\mapa\target\classes\com\calabozo\mapa\controller\MainController.class]: Failed to instantiate [com.calabozo.mapa.controller.MainController]: Constructor threw exception
2025-10-16T11:14:42.304+02:00  INFO 4172 --- [mapa] [main] [                                                 ] j.LocalContainerEntityManagerFactoryBean : Closing JPA EntityManagerFactory for persistence unit 'default'
2025-10-16T11:14:42.308+02:00  INFO 4172 --- [mapa] [main] [                                                 ] com.zaxxer.hikari.HikariDataSource       : HikariPool-1 - Shutdown initiated...
2025-10-16T11:14:42.316+02:00  INFO 4172 --- [mapa] [main] [                                                 ] com.zaxxer.hikari.HikariDataSource       : HikariPool-1 - Shutdown completed.
2025-10-16T11:14:42.318+02:00  INFO 4172 --- [mapa] [main] [                                                 ] o.apache.catalina.core.StandardService   : Stopping service [Tomcat]
2025-10-16T11:14:42.330+02:00  INFO 4172 --- [mapa] [main] [                                                 ] .s.b.a.l.ConditionEvaluationReportLogger : 

Error starting ApplicationContext. To display the condition evaluation report re-run your application with 'debug' enabled.
2025-10-16T11:14:42.345+02:00 ERROR 4172 --- [mapa] [main] [                                                 ] o.s.boot.SpringApplication               : Application run failed

org.springframework.beans.factory.BeanCreationException: Error creating bean with name 'mainController' defined in file [C:\DESSERV\SPRINGBOOT\calabozo\mapa\target\classes\com\calabozo\mapa\controller\MainController.class]: Failed to instantiate [com.calabozo.mapa.controller.MainController]: Constructor threw exception
	at org.springframework.beans.factory.support.AbstractAutowireCapableBeanFactory.instantiateBean(AbstractAutowireCapableBeanFactory.java:1345) ~[spring-beans-7.0.0-M9.jar:7.0.0-M9]
	at org.springframework.beans.factory.support.AbstractAutowireCapableBeanFactory.createBeanInstance(AbstractAutowireCapableBeanFactory.java:1232) ~[spring-beans-7.0.0-M9.jar:7.0.0-M9]
	at org.springframework.beans.factory.support.AbstractAutowireCapableBeanFactory.doCreateBean(AbstractAutowireCapableBeanFactory.java:566) ~[spring-beans-7.0.0-M9.jar:7.0.0-M9]
	at org.springframework.beans.factory.support.AbstractAutowireCapableBeanFactory.createBean(AbstractAutowireCapableBeanFactory.java:526) ~[spring-beans-7.0.0-M9.jar:7.0.0-M9]
	at org.springframework.beans.factory.support.AbstractBeanFactory.lambda$doGetBean$0(AbstractBeanFactory.java:333) ~[spring-beans-7.0.0-M9.jar:7.0.0-M9]
	at org.springframework.beans.factory.support.DefaultSingletonBeanRegistry.getSingleton(DefaultSingletonBeanRegistry.java:371) ~[spring-beans-7.0.0-M9.jar:7.0.0-M9]
	at org.springframework.beans.factory.support.AbstractBeanFactory.doGetBean(AbstractBeanFactory.java:331) ~[spring-beans-7.0.0-M9.jar:7.0.0-M9]
	at org.springframework.beans.factory.support.AbstractBeanFactory.getBean(AbstractBeanFactory.java:196) ~[spring-beans-7.0.0-M9.jar:7.0.0-M9]
	at org.springframework.beans.factory.support.DefaultListableBeanFactory.instantiateSingleton(DefaultListableBeanFactory.java:1206) ~[spring-beans-7.0.0-M9.jar:7.0.0-M9]
	at org.springframework.beans.factory.support.DefaultListableBeanFactory.preInstantiateSingleton(DefaultListableBeanFactory.java:1172) ~[spring-beans-7.0.0-M9.jar:7.0.0-M9]
	at org.springframework.beans.factory.support.DefaultListableBeanFactory.preInstantiateSingletons(DefaultListableBeanFactory.java:1109) ~[spring-beans-7.0.0-M9.jar:7.0.0-M9]
	at org.springframework.context.support.AbstractApplicationContext.finishBeanFactoryInitialization(AbstractApplicationContext.java:979) ~[spring-context-7.0.0-M9.jar:7.0.0-M9]
	at org.springframework.context.support.AbstractApplicationContext.refresh(AbstractApplicationContext.java:619) ~[spring-context-7.0.0-M9.jar:7.0.0-M9]
	at org.springframework.boot.web.server.servlet.context.ServletWebServerApplicationContext.refresh(ServletWebServerApplicationContext.java:143) ~[spring-boot-web-server-4.0.0-M3.jar:4.0.0-M3]
	at org.springframework.boot.SpringApplication.refresh(SpringApplication.java:752) ~[spring-boot-4.0.0-M3.jar:4.0.0-M3]
	at org.springframework.boot.SpringApplication.refreshContext(SpringApplication.java:441) ~[spring-boot-4.0.0-M3.jar:4.0.0-M3]
	at org.springframework.boot.SpringApplication.run(SpringApplication.java:320) ~[spring-boot-4.0.0-M3.jar:4.0.0-M3]
	at org.springframework.boot.SpringApplication.run(SpringApplication.java:1361) ~[spring-boot-4.0.0-M3.jar:4.0.0-M3]
	at org.springframework.boot.SpringApplication.run(SpringApplication.java:1350) ~[spring-boot-4.0.0-M3.jar:4.0.0-M3]
	at com.calabozo.mapa.MapaApplication.main(MapaApplication.java:10) ~[classes/:na]
Caused by: org.springframework.beans.BeanInstantiationException: Failed to instantiate [com.calabozo.mapa.controller.MainController]: Constructor threw exception
	at org.springframework.beans.BeanUtils.instantiateClass(BeanUtils.java:222) ~[spring-beans-7.0.0-M9.jar:7.0.0-M9]
	at org.springframework.beans.factory.support.SimpleInstantiationStrategy.instantiate(SimpleInstantiationStrategy.java:106) ~[spring-beans-7.0.0-M9.jar:7.0.0-M9]
	at org.springframework.beans.factory.support.AbstractAutowireCapableBeanFactory.instantiateBean(AbstractAutowireCapableBeanFactory.java:1339) ~[spring-beans-7.0.0-M9.jar:7.0.0-M9]
	... 19 common frames omitted
Caused by: java.lang.Error: Unresolved compilation problem: 
	Type mismatch: cannot convert from org.slf4j.Logger to java.util.logging.Logger

	at com.calabozo.mapa.controller.MainController.<init>(MainController.java:22) ~[classes/:na]
	at java.base/jdk.internal.reflect.NativeConstructorAccessorImpl.newInstance0(Native Method) ~[na:na]
	at java.base/jdk.internal.reflect.NativeConstructorAccessorImpl.newInstance(NativeConstructorAccessorImpl.java:77) ~[na:na]
	at java.base/jdk.internal.reflect.DelegatingConstructorAccessorImpl.newInstance(DelegatingConstructorAccessorImpl.java:45) ~[na:na]
	at java.base/java.lang.reflect.Constructor.newInstanceWithCaller(Constructor.java:500) ~[na:na]
	at java.base/java.lang.reflect.Constructor.newInstance(Constructor.java:481) ~[na:na]
	at org.springframework.beans.BeanUtils.instantiateClass(BeanUtils.java:196) ~[spring-beans-7.0.0-M9.jar:7.0.0-M9]
	... 21 common frames omitted

2025-10-16T11:19:21.394+02:00  INFO 7064 --- [mapa] [main] [                                                 ] com.calabozo.mapa.MapaApplication        : Starting MapaApplication using Java 17.0.16 with PID 7064 (C:\DESSERV\SPRINGBOOT\calabozo\mapa\target\classes started by pmpin in C:\DESSERV)
2025-10-16T11:19:21.399+02:00  INFO 7064 --- [mapa] [main] [                                                 ] com.calabozo.mapa.MapaApplication        : No active profile set, falling back to 1 default profile: "default"
2025-10-16T11:19:22.562+02:00  INFO 7064 --- [mapa] [main] [                                                 ] .s.d.r.c.RepositoryConfigurationDelegate : Bootstrapping Spring Data JPA repositories in DEFAULT mode.
2025-10-16T11:19:22.651+02:00  INFO 7064 --- [mapa] [main] [                                                 ] .s.d.r.c.RepositoryConfigurationDelegate : Finished Spring Data repository scanning in 74 ms. Found 2 JPA repository interfaces.
2025-10-16T11:19:23.434+02:00  INFO 7064 --- [mapa] [main] [                                                 ] o.s.boot.tomcat.TomcatWebServer          : Tomcat initialized with port 8080 (http)
2025-10-16T11:19:23.445+02:00  INFO 7064 --- [mapa] [main] [                                                 ] o.apache.catalina.core.StandardService   : Starting service [Tomcat]
2025-10-16T11:19:23.446+02:00  INFO 7064 --- [mapa] [main] [                                                 ] o.apache.catalina.core.StandardEngine    : Starting Servlet engine: [Apache Tomcat/11.0.11]
2025-10-16T11:19:23.519+02:00  INFO 7064 --- [mapa] [main] [                                                 ] b.w.c.s.WebApplicationContextInitializer : Root WebApplicationContext: initialization completed in 2062 ms
2025-10-16T11:19:23.895+02:00  INFO 7064 --- [mapa] [main] [                                                 ] o.hibernate.jpa.internal.util.LogHelper  : HHH000204: Processing PersistenceUnitInfo [name: default]
2025-10-16T11:19:23.956+02:00  INFO 7064 --- [mapa] [main] [                                                 ] org.hibernate.Version                    : HHH000412: Hibernate ORM core version 7.1.1.Final
2025-10-16T11:19:24.543+02:00  INFO 7064 --- [mapa] [main] [                                                 ] o.s.o.j.p.SpringPersistenceUnitInfo      : No LoadTimeWeaver setup: ignoring JPA class transformer
2025-10-16T11:19:24.592+02:00  INFO 7064 --- [mapa] [main] [                                                 ] com.zaxxer.hikari.HikariDataSource       : HikariPool-1 - Starting...
2025-10-16T11:19:24.923+02:00  INFO 7064 --- [mapa] [main] [                                                 ] com.zaxxer.hikari.pool.HikariPool        : HikariPool-1 - Added connection com.mysql.cj.jdbc.ConnectionImpl@4eec5fa6
2025-10-16T11:19:24.925+02:00  INFO 7064 --- [mapa] [main] [                                                 ] com.zaxxer.hikari.HikariDataSource       : HikariPool-1 - Start completed.
2025-10-16T11:19:24.987+02:00  WARN 7064 --- [mapa] [main] [                                                 ] org.hibernate.orm.deprecation            : HHH90000025: MySQLDialect does not need to be specified explicitly using 'hibernate.dialect' (remove the property setting and it will be selected by default)
2025-10-16T11:19:25.009+02:00  INFO 7064 --- [mapa] [main] [                                                 ] org.hibernate.orm.connections.pooling    : HHH10001005: Database info:
	Database JDBC URL [jdbc:mysql://localhost:3306/citydungeon]
	Database driver: MySQL Connector/J
	Database dialect: MySQLDialect
	Database version: 8.0.43
	Default catalog/schema: citydungeon/undefined
	Autocommit mode: undefined/unknown
	Isolation level: REPEATABLE_READ [default REPEATABLE_READ]
	JDBC fetch size: none
	Pool: DatasourceConnectionProviderImpl
	Minimum pool size: undefined/unknown
	Maximum pool size: undefined/unknown
2025-10-16T11:19:26.224+02:00  INFO 7064 --- [mapa] [main] [                                                 ] o.h.e.t.j.p.i.JtaPlatformInitiator       : HHH000489: No JTA platform available (set 'hibernate.transaction.jta.platform' to enable JTA platform integration)
2025-10-16T11:19:26.288+02:00  INFO 7064 --- [mapa] [main] [                                                 ] j.LocalContainerEntityManagerFactoryBean : Initialized JPA EntityManagerFactory for persistence unit 'default'
2025-10-16T11:19:26.404+02:00  INFO 7064 --- [mapa] [main] [                                                 ] o.s.d.j.r.query.QueryEnhancerFactories   : Hibernate is in classpath; If applicable, HQL parser will be used.
2025-10-16T11:19:26.874+02:00  WARN 7064 --- [mapa] [main] [                                                 ] JpaBaseConfiguration$JpaWebConfiguration : spring.jpa.open-in-view is enabled by default. Therefore, database queries may be performed during view rendering. Explicitly configure spring.jpa.open-in-view to disable this warning
2025-10-16T11:19:26.982+02:00 DEBUG 7064 --- [mapa] [main] [                                                 ] swordEncoderAuthenticationManagerBuilder : No authenticationProviders and no parentAuthenticationManager defined. Returning null.
2025-10-16T11:19:27.234+02:00 DEBUG 7064 --- [mapa] [main] [                                                 ] o.s.s.web.DefaultSecurityFilterChain     : Will secure any request with filters: DisableEncodeUrlFilter, WebAsyncManagerIntegrationFilter, SecurityContextHolderFilter, HeaderWriterFilter, CsrfFilter, LogoutFilter, OAuth2AuthorizationRequestRedirectFilter, OAuth2LoginAuthenticationFilter, RequestCacheAwareFilter, SecurityContextHolderAwareRequestFilter, AnonymousAuthenticationFilter, ExceptionTranslationFilter, AuthorizationFilter
2025-10-16T11:19:27.853+02:00  INFO 7064 --- [mapa] [main] [                                                 ] o.s.b.a.e.web.EndpointLinksResolver      : Exposing 1 endpoint beneath base path '/actuator'
2025-10-16T11:19:27.948+02:00  INFO 7064 --- [mapa] [main] [                                                 ] o.s.boot.tomcat.TomcatWebServer          : Tomcat started on port 8080 (http) with context path '/'
2025-10-16T11:19:27.958+02:00  INFO 7064 --- [mapa] [main] [                                                 ] com.calabozo.mapa.MapaApplication        : Started MapaApplication in 7.093 seconds (process running for 7.818)
2025-10-16T11:19:29.952+02:00  INFO 7064 --- [mapa] [RMI TCP Connection(2)-127.0.0.1] [                                                 ] o.a.c.c.C.[Tomcat].[localhost].[/]       : Initializing Spring DispatcherServlet 'dispatcherServlet'
2025-10-16T11:19:29.952+02:00  INFO 7064 --- [mapa] [RMI TCP Connection(2)-127.0.0.1] [                                                 ] o.s.web.servlet.DispatcherServlet        : Initializing Servlet 'dispatcherServlet'
2025-10-16T11:19:29.954+02:00  INFO 7064 --- [mapa] [RMI TCP Connection(2)-127.0.0.1] [                                                 ] o.s.web.servlet.DispatcherServlet        : Completed initialization in 1 ms
2025-10-16T11:19:38.225+02:00 DEBUG 7064 --- [mapa] [http-nio-8080-exec-1] [                                                 ] o.s.security.web.FilterChainProxy        : Securing GET /
2025-10-16T11:19:38.244+02:00 DEBUG 7064 --- [mapa] [http-nio-8080-exec-1] [                                                 ] o.s.security.web.FilterChainProxy        : Secured GET /
2025-10-16T11:19:38.267+02:00  INFO 7064 --- [mapa] [http-nio-8080-exec-1] [                                                 ] c.c.mapa.controller.MainController       : Cargando la web principial
2025-10-16T11:19:38.267+02:00 ERROR 7064 --- [mapa] [http-nio-8080-exec-1] [                                                 ] c.c.mapa.controller.MainController       : Es un mensaje de tipo errro 
2025-10-16T11:19:38.500+02:00 DEBUG 7064 --- [mapa] [http-nio-8080-exec-1] [                                                 ] o.s.s.w.a.AnonymousAuthenticationFilter  : Set SecurityContextHolder to anonymous SecurityContext
2025-10-16T11:19:38.549+02:00 DEBUG 7064 --- [mapa] [http-nio-8080-exec-2] [                                                 ] o.s.security.web.FilterChainProxy        : Securing GET /favicon.ico
2025-10-16T11:19:38.553+02:00 DEBUG 7064 --- [mapa] [http-nio-8080-exec-2] [                                                 ] o.s.s.w.a.AnonymousAuthenticationFilter  : Set SecurityContextHolder to anonymous SecurityContext
2025-10-16T11:19:38.557+02:00 DEBUG 7064 --- [mapa] [http-nio-8080-exec-2] [                                                 ] o.s.s.web.DefaultRedirectStrategy        : Redirecting to http://localhost:8080/login
2025-10-16T11:19:38.566+02:00 DEBUG 7064 --- [mapa] [http-nio-8080-exec-3] [                                                 ] o.s.security.web.FilterChainProxy        : Securing GET /login
2025-10-16T11:19:38.567+02:00 DEBUG 7064 --- [mapa] [http-nio-8080-exec-3] [                                                 ] o.s.security.web.FilterChainProxy        : Secured GET /login
2025-10-16T11:19:38.570+02:00  INFO 7064 --- [mapa] [http-nio-8080-exec-3] [                                                 ] c.c.mapa.controller.MainController       : Intentando logearnos
2025-10-16T11:19:38.577+02:00 DEBUG 7064 --- [mapa] [http-nio-8080-exec-3] [                                                 ] o.s.s.w.a.AnonymousAuthenticationFilter  : Set SecurityContextHolder to anonymous SecurityContext
2025-10-16T11:19:40.597+02:00 DEBUG 7064 --- [mapa] [http-nio-8080-exec-5] [                                                 ] o.s.security.web.FilterChainProxy        : Securing GET /
2025-10-16T11:19:40.599+02:00 DEBUG 7064 --- [mapa] [http-nio-8080-exec-5] [                                                 ] o.s.security.web.FilterChainProxy        : Secured GET /
2025-10-16T11:19:40.600+02:00  INFO 7064 --- [mapa] [http-nio-8080-exec-5] [                                                 ] c.c.mapa.controller.MainController       : Cargando la web principial
2025-10-16T11:19:40.600+02:00 ERROR 7064 --- [mapa] [http-nio-8080-exec-5] [                                                 ] c.c.mapa.controller.MainController       : Es un mensaje de tipo errro 
2025-10-16T11:19:40.603+02:00 DEBUG 7064 --- [mapa] [http-nio-8080-exec-5] [                                                 ] o.s.s.w.a.AnonymousAuthenticationFilter  : Set SecurityContextHolder to anonymous SecurityContext
2025-10-16T11:19:40.626+02:00 DEBUG 7064 --- [mapa] [http-nio-8080-exec-4] [                                                 ] o.s.security.web.FilterChainProxy        : Securing GET /favicon.ico
2025-10-16T11:19:40.627+02:00 DEBUG 7064 --- [mapa] [http-nio-8080-exec-4] [                                                 ] o.s.s.w.a.AnonymousAuthenticationFilter  : Set SecurityContextHolder to anonymous SecurityContext
2025-10-16T11:19:40.628+02:00 DEBUG 7064 --- [mapa] [http-nio-8080-exec-4] [                                                 ] o.s.s.web.DefaultRedirectStrategy        : Redirecting to http://localhost:8080/login
2025-10-16T11:19:40.636+02:00 DEBUG 7064 --- [mapa] [http-nio-8080-exec-6] [                                                 ] o.s.security.web.FilterChainProxy        : Securing GET /login
2025-10-16T11:19:40.637+02:00 DEBUG 7064 --- [mapa] [http-nio-8080-exec-6] [                                                 ] o.s.security.web.FilterChainProxy        : Secured GET /login
2025-10-16T11:19:40.639+02:00  INFO 7064 --- [mapa] [http-nio-8080-exec-6] [                                                 ] c.c.mapa.controller.MainController       : Intentando logearnos
2025-10-16T11:19:40.640+02:00 DEBUG 7064 --- [mapa] [http-nio-8080-exec-6] [                                                 ] o.s.s.w.a.AnonymousAuthenticationFilter  : Set SecurityContextHolder to anonymous SecurityContext
2025-10-16T11:19:47.694+02:00 DEBUG 7064 --- [mapa] [http-nio-8080-exec-7] [                                                 ] o.s.security.web.FilterChainProxy        : Securing GET /login
2025-10-16T11:19:47.698+02:00 DEBUG 7064 --- [mapa] [http-nio-8080-exec-7] [                                                 ] o.s.security.web.FilterChainProxy        : Secured GET /login
2025-10-16T11:19:47.700+02:00  INFO 7064 --- [mapa] [http-nio-8080-exec-7] [                                                 ] c.c.mapa.controller.MainController       : Intentando logearnos
2025-10-16T11:19:47.703+02:00 DEBUG 7064 --- [mapa] [http-nio-8080-exec-7] [                                                 ] o.s.s.w.a.AnonymousAuthenticationFilter  : Set SecurityContextHolder to anonymous SecurityContext
2025-10-16T11:19:47.742+02:00 DEBUG 7064 --- [mapa] [http-nio-8080-exec-8] [                                                 ] o.s.security.web.FilterChainProxy        : Securing GET /favicon.ico
2025-10-16T11:19:47.743+02:00 DEBUG 7064 --- [mapa] [http-nio-8080-exec-8] [                                                 ] o.s.s.w.a.AnonymousAuthenticationFilter  : Set SecurityContextHolder to anonymous SecurityContext
2025-10-16T11:19:47.743+02:00 DEBUG 7064 --- [mapa] [http-nio-8080-exec-8] [                                                 ] o.s.s.web.DefaultRedirectStrategy        : Redirecting to http://localhost:8080/login
2025-10-16T11:19:47.755+02:00 DEBUG 7064 --- [mapa] [http-nio-8080-exec-9] [                                                 ] o.s.security.web.FilterChainProxy        : Securing GET /login
2025-10-16T11:19:47.756+02:00 DEBUG 7064 --- [mapa] [http-nio-8080-exec-9] [                                                 ] o.s.security.web.FilterChainProxy        : Secured GET /login
2025-10-16T11:19:47.758+02:00  INFO 7064 --- [mapa] [http-nio-8080-exec-9] [                                                 ] c.c.mapa.controller.MainController       : Intentando logearnos
2025-10-16T11:19:47.759+02:00 DEBUG 7064 --- [mapa] [http-nio-8080-exec-9] [                                                 ] o.s.s.w.a.AnonymousAuthenticationFilter  : Set SecurityContextHolder to anonymous SecurityContext
2025-10-16T11:21:00.710+02:00  INFO 5696 --- [mapa] [main] [                                                 ] com.calabozo.mapa.MapaApplication        : Starting MapaApplication using Java 17.0.16 with PID 5696 (C:\DESSERV\SPRINGBOOT\calabozo\mapa\target\classes started by pmpin in C:\DESSERV)
2025-10-16T11:21:00.715+02:00  INFO 5696 --- [mapa] [main] [                                                 ] com.calabozo.mapa.MapaApplication        : No active profile set, falling back to 1 default profile: "default"
2025-10-16T11:21:01.819+02:00  INFO 5696 --- [mapa] [main] [                                                 ] .s.d.r.c.RepositoryConfigurationDelegate : Bootstrapping Spring Data JPA repositories in DEFAULT mode.
2025-10-16T11:21:01.892+02:00  INFO 5696 --- [mapa] [main] [                                                 ] .s.d.r.c.RepositoryConfigurationDelegate : Finished Spring Data repository scanning in 60 ms. Found 2 JPA repository interfaces.
2025-10-16T11:21:02.617+02:00  INFO 5696 --- [mapa] [main] [                                                 ] o.s.boot.tomcat.TomcatWebServer          : Tomcat initialized with port 8080 (http)
2025-10-16T11:21:02.636+02:00  INFO 5696 --- [mapa] [main] [                                                 ] o.apache.catalina.core.StandardService   : Starting service [Tomcat]
2025-10-16T11:21:02.637+02:00  INFO 5696 --- [mapa] [main] [                                                 ] o.apache.catalina.core.StandardEngine    : Starting Servlet engine: [Apache Tomcat/11.0.11]
2025-10-16T11:21:02.716+02:00  INFO 5696 --- [mapa] [main] [                                                 ] b.w.c.s.WebApplicationContextInitializer : Root WebApplicationContext: initialization completed in 1942 ms
2025-10-16T11:21:03.102+02:00  INFO 5696 --- [mapa] [main] [                                                 ] o.hibernate.jpa.internal.util.LogHelper  : HHH000204: Processing PersistenceUnitInfo [name: default]
2025-10-16T11:21:03.165+02:00  INFO 5696 --- [mapa] [main] [                                                 ] org.hibernate.Version                    : HHH000412: Hibernate ORM core version 7.1.1.Final
2025-10-16T11:21:03.706+02:00  INFO 5696 --- [mapa] [main] [                                                 ] o.s.o.j.p.SpringPersistenceUnitInfo      : No LoadTimeWeaver setup: ignoring JPA class transformer
2025-10-16T11:21:03.757+02:00  INFO 5696 --- [mapa] [main] [                                                 ] com.zaxxer.hikari.HikariDataSource       : HikariPool-1 - Starting...
2025-10-16T11:21:04.113+02:00  INFO 5696 --- [mapa] [main] [                                                 ] com.zaxxer.hikari.pool.HikariPool        : HikariPool-1 - Added connection com.mysql.cj.jdbc.ConnectionImpl@3c271988
2025-10-16T11:21:04.115+02:00  INFO 5696 --- [mapa] [main] [                                                 ] com.zaxxer.hikari.HikariDataSource       : HikariPool-1 - Start completed.
2025-10-16T11:21:04.178+02:00  WARN 5696 --- [mapa] [main] [                                                 ] org.hibernate.orm.deprecation            : HHH90000025: MySQLDialect does not need to be specified explicitly using 'hibernate.dialect' (remove the property setting and it will be selected by default)
2025-10-16T11:21:04.198+02:00  INFO 5696 --- [mapa] [main] [                                                 ] org.hibernate.orm.connections.pooling    : HHH10001005: Database info:
	Database JDBC URL [jdbc:mysql://localhost:3306/citydungeon]
	Database driver: MySQL Connector/J
	Database dialect: MySQLDialect
	Database version: 8.0.43
	Default catalog/schema: citydungeon/undefined
	Autocommit mode: undefined/unknown
	Isolation level: REPEATABLE_READ [default REPEATABLE_READ]
	JDBC fetch size: none
	Pool: DatasourceConnectionProviderImpl
	Minimum pool size: undefined/unknown
	Maximum pool size: undefined/unknown
2025-10-16T11:21:05.210+02:00  INFO 5696 --- [mapa] [main] [                                                 ] o.h.e.t.j.p.i.JtaPlatformInitiator       : HHH000489: No JTA platform available (set 'hibernate.transaction.jta.platform' to enable JTA platform integration)
2025-10-16T11:21:05.273+02:00  INFO 5696 --- [mapa] [main] [                                                 ] j.LocalContainerEntityManagerFactoryBean : Initialized JPA EntityManagerFactory for persistence unit 'default'
2025-10-16T11:21:05.366+02:00  INFO 5696 --- [mapa] [main] [                                                 ] o.s.d.j.r.query.QueryEnhancerFactories   : Hibernate is in classpath; If applicable, HQL parser will be used.
2025-10-16T11:21:05.825+02:00  WARN 5696 --- [mapa] [main] [                                                 ] JpaBaseConfiguration$JpaWebConfiguration : spring.jpa.open-in-view is enabled by default. Therefore, database queries may be performed during view rendering. Explicitly configure spring.jpa.open-in-view to disable this warning
2025-10-16T11:21:05.917+02:00 DEBUG 5696 --- [mapa] [main] [                                                 ] swordEncoderAuthenticationManagerBuilder : No authenticationProviders and no parentAuthenticationManager defined. Returning null.
2025-10-16T11:21:06.152+02:00 DEBUG 5696 --- [mapa] [main] [                                                 ] o.s.s.web.DefaultSecurityFilterChain     : Will secure any request with filters: DisableEncodeUrlFilter, WebAsyncManagerIntegrationFilter, SecurityContextHolderFilter, HeaderWriterFilter, CsrfFilter, LogoutFilter, OAuth2AuthorizationRequestRedirectFilter, OAuth2LoginAuthenticationFilter, RequestCacheAwareFilter, SecurityContextHolderAwareRequestFilter, AnonymousAuthenticationFilter, ExceptionTranslationFilter, AuthorizationFilter
2025-10-16T11:21:06.735+02:00  INFO 5696 --- [mapa] [main] [                                                 ] o.s.b.a.e.web.EndpointLinksResolver      : Exposing 1 endpoint beneath base path '/actuator'
2025-10-16T11:21:06.835+02:00  INFO 5696 --- [mapa] [main] [                                                 ] o.s.boot.tomcat.TomcatWebServer          : Tomcat started on port 8080 (http) with context path '/'
2025-10-16T11:21:06.847+02:00  INFO 5696 --- [mapa] [main] [                                                 ] com.calabozo.mapa.MapaApplication        : Started MapaApplication in 6.647 seconds (process running for 7.357)
2025-10-16T11:21:09.263+02:00  INFO 5696 --- [mapa] [RMI TCP Connection(2)-127.0.0.1] [                                                 ] o.a.c.c.C.[Tomcat].[localhost].[/]       : Initializing Spring DispatcherServlet 'dispatcherServlet'
2025-10-16T11:21:09.263+02:00  INFO 5696 --- [mapa] [RMI TCP Connection(2)-127.0.0.1] [                                                 ] o.s.web.servlet.DispatcherServlet        : Initializing Servlet 'dispatcherServlet'
2025-10-16T11:21:09.265+02:00  INFO 5696 --- [mapa] [RMI TCP Connection(2)-127.0.0.1] [                                                 ] o.s.web.servlet.DispatcherServlet        : Completed initialization in 2 ms
2025-10-16T11:21:52.353+02:00  INFO 8760 --- [mapa] [main] [                                                 ] com.calabozo.mapa.MapaApplication        : Starting MapaApplication using Java 17.0.16 with PID 8760 (C:\DESSERV\SPRINGBOOT\calabozo\mapa\target\classes started by pmpin in C:\DESSERV)
2025-10-16T11:21:52.362+02:00  INFO 8760 --- [mapa] [main] [                                                 ] com.calabozo.mapa.MapaApplication        : No active profile set, falling back to 1 default profile: "default"
2025-10-16T11:21:53.530+02:00  INFO 8760 --- [mapa] [main] [                                                 ] .s.d.r.c.RepositoryConfigurationDelegate : Bootstrapping Spring Data JPA repositories in DEFAULT mode.
2025-10-16T11:21:53.619+02:00  INFO 8760 --- [mapa] [main] [                                                 ] .s.d.r.c.RepositoryConfigurationDelegate : Finished Spring Data repository scanning in 76 ms. Found 2 JPA repository interfaces.
2025-10-16T11:21:54.396+02:00  INFO 8760 --- [mapa] [main] [                                                 ] o.s.boot.tomcat.TomcatWebServer          : Tomcat initialized with port 8080 (http)
2025-10-16T11:21:54.413+02:00  INFO 8760 --- [mapa] [main] [                                                 ] o.apache.catalina.core.StandardService   : Starting service [Tomcat]
2025-10-16T11:21:54.413+02:00  INFO 8760 --- [mapa] [main] [                                                 ] o.apache.catalina.core.StandardEngine    : Starting Servlet engine: [Apache Tomcat/11.0.11]
2025-10-16T11:21:54.504+02:00  INFO 8760 --- [mapa] [main] [                                                 ] b.w.c.s.WebApplicationContextInitializer : Root WebApplicationContext: initialization completed in 2081 ms
2025-10-16T11:21:54.878+02:00  INFO 8760 --- [mapa] [main] [                                                 ] o.hibernate.jpa.internal.util.LogHelper  : HHH000204: Processing PersistenceUnitInfo [name: default]
2025-10-16T11:21:54.944+02:00  INFO 8760 --- [mapa] [main] [                                                 ] org.hibernate.Version                    : HHH000412: Hibernate ORM core version 7.1.1.Final
2025-10-16T11:21:55.516+02:00  INFO 8760 --- [mapa] [main] [                                                 ] o.s.o.j.p.SpringPersistenceUnitInfo      : No LoadTimeWeaver setup: ignoring JPA class transformer
2025-10-16T11:21:55.562+02:00  INFO 8760 --- [mapa] [main] [                                                 ] com.zaxxer.hikari.HikariDataSource       : HikariPool-1 - Starting...
2025-10-16T11:21:55.913+02:00  INFO 8760 --- [mapa] [main] [                                                 ] com.zaxxer.hikari.pool.HikariPool        : HikariPool-1 - Added connection com.mysql.cj.jdbc.ConnectionImpl@3aed692d
2025-10-16T11:21:55.915+02:00  INFO 8760 --- [mapa] [main] [                                                 ] com.zaxxer.hikari.HikariDataSource       : HikariPool-1 - Start completed.
2025-10-16T11:21:55.981+02:00  WARN 8760 --- [mapa] [main] [                                                 ] org.hibernate.orm.deprecation            : HHH90000025: MySQLDialect does not need to be specified explicitly using 'hibernate.dialect' (remove the property setting and it will be selected by default)
2025-10-16T11:21:56.002+02:00  INFO 8760 --- [mapa] [main] [                                                 ] org.hibernate.orm.connections.pooling    : HHH10001005: Database info:
	Database JDBC URL [jdbc:mysql://localhost:3306/citydungeon]
	Database driver: MySQL Connector/J
	Database dialect: MySQLDialect
	Database version: 8.0.43
	Default catalog/schema: citydungeon/undefined
	Autocommit mode: undefined/unknown
	Isolation level: REPEATABLE_READ [default REPEATABLE_READ]
	JDBC fetch size: none
	Pool: DatasourceConnectionProviderImpl
	Minimum pool size: undefined/unknown
	Maximum pool size: undefined/unknown
2025-10-16T11:21:57.064+02:00  INFO 8760 --- [mapa] [main] [                                                 ] o.h.e.t.j.p.i.JtaPlatformInitiator       : HHH000489: No JTA platform available (set 'hibernate.transaction.jta.platform' to enable JTA platform integration)
2025-10-16T11:21:57.125+02:00  INFO 8760 --- [mapa] [main] [                                                 ] j.LocalContainerEntityManagerFactoryBean : Initialized JPA EntityManagerFactory for persistence unit 'default'
2025-10-16T11:21:57.223+02:00  INFO 8760 --- [mapa] [main] [                                                 ] o.s.d.j.r.query.QueryEnhancerFactories   : Hibernate is in classpath; If applicable, HQL parser will be used.
2025-10-16T11:21:57.703+02:00  WARN 8760 --- [mapa] [main] [                                                 ] JpaBaseConfiguration$JpaWebConfiguration : spring.jpa.open-in-view is enabled by default. Therefore, database queries may be performed during view rendering. Explicitly configure spring.jpa.open-in-view to disable this warning
2025-10-16T11:21:57.800+02:00 DEBUG 8760 --- [mapa] [main] [                                                 ] swordEncoderAuthenticationManagerBuilder : No authenticationProviders and no parentAuthenticationManager defined. Returning null.
2025-10-16T11:21:58.021+02:00 DEBUG 8760 --- [mapa] [main] [                                                 ] o.s.s.web.DefaultSecurityFilterChain     : Will secure any request with filters: DisableEncodeUrlFilter, WebAsyncManagerIntegrationFilter, SecurityContextHolderFilter, HeaderWriterFilter, CsrfFilter, LogoutFilter, OAuth2AuthorizationRequestRedirectFilter, OAuth2LoginAuthenticationFilter, RequestCacheAwareFilter, SecurityContextHolderAwareRequestFilter, AnonymousAuthenticationFilter, ExceptionTranslationFilter, AuthorizationFilter
2025-10-16T11:21:58.604+02:00  INFO 8760 --- [mapa] [main] [                                                 ] o.s.b.a.e.web.EndpointLinksResolver      : Exposing 1 endpoint beneath base path '/actuator'
2025-10-16T11:21:58.705+02:00  INFO 8760 --- [mapa] [main] [                                                 ] o.s.boot.tomcat.TomcatWebServer          : Tomcat started on port 8080 (http) with context path '/'
2025-10-16T11:21:58.714+02:00  INFO 8760 --- [mapa] [main] [                                                 ] com.calabozo.mapa.MapaApplication        : Started MapaApplication in 6.858 seconds (process running for 7.567)
2025-10-16T11:22:00.960+02:00  INFO 8760 --- [mapa] [RMI TCP Connection(3)-127.0.0.1] [                                                 ] o.a.c.c.C.[Tomcat].[localhost].[/]       : Initializing Spring DispatcherServlet 'dispatcherServlet'
2025-10-16T11:22:00.961+02:00  INFO 8760 --- [mapa] [RMI TCP Connection(3)-127.0.0.1] [                                                 ] o.s.web.servlet.DispatcherServlet        : Initializing Servlet 'dispatcherServlet'
2025-10-16T11:22:00.964+02:00  INFO 8760 --- [mapa] [RMI TCP Connection(3)-127.0.0.1] [                                                 ] o.s.web.servlet.DispatcherServlet        : Completed initialization in 3 ms
2025-10-16T11:22:15.282+02:00 DEBUG 8760 --- [mapa] [http-nio-8080-exec-4] [                                                 ] o.s.security.web.FilterChainProxy        : Securing GET /
2025-10-16T11:22:15.307+02:00 DEBUG 8760 --- [mapa] [http-nio-8080-exec-4] [                                                 ] o.s.security.web.FilterChainProxy        : Secured GET /
2025-10-16T11:22:15.329+02:00  INFO 8760 --- [mapa] [http-nio-8080-exec-4] [                                                 ] c.c.mapa.controller.MainController       : Cargando la web principial
2025-10-16T11:22:15.330+02:00 ERROR 8760 --- [mapa] [http-nio-8080-exec-4] [                                                 ] c.c.mapa.controller.MainController       : Es un mensaje de tipo errro 
2025-10-16T11:22:15.548+02:00 DEBUG 8760 --- [mapa] [http-nio-8080-exec-4] [                                                 ] o.s.s.w.a.AnonymousAuthenticationFilter  : Set SecurityContextHolder to anonymous SecurityContext
2025-10-16T11:22:15.642+02:00 DEBUG 8760 --- [mapa] [http-nio-8080-exec-1] [                                                 ] o.s.security.web.FilterChainProxy        : Securing GET /favicon.ico
2025-10-16T11:22:15.643+02:00 DEBUG 8760 --- [mapa] [http-nio-8080-exec-1] [                                                 ] o.s.s.w.a.AnonymousAuthenticationFilter  : Set SecurityContextHolder to anonymous SecurityContext
2025-10-16T11:22:15.652+02:00 DEBUG 8760 --- [mapa] [http-nio-8080-exec-1] [                                                 ] o.s.s.web.DefaultRedirectStrategy        : Redirecting to http://localhost:8080/login
2025-10-16T11:22:15.663+02:00 DEBUG 8760 --- [mapa] [http-nio-8080-exec-5] [                                                 ] o.s.security.web.FilterChainProxy        : Securing GET /login
2025-10-16T11:22:15.665+02:00 DEBUG 8760 --- [mapa] [http-nio-8080-exec-5] [                                                 ] o.s.security.web.FilterChainProxy        : Secured GET /login
2025-10-16T11:22:15.667+02:00  INFO 8760 --- [mapa] [http-nio-8080-exec-5] [                                                 ] c.c.mapa.controller.MainController       : Intentando logearnos
2025-10-16T11:22:15.675+02:00 DEBUG 8760 --- [mapa] [http-nio-8080-exec-5] [                                                 ] o.s.s.w.a.AnonymousAuthenticationFilter  : Set SecurityContextHolder to anonymous SecurityContext
2025-10-16T11:22:52.479+02:00 DEBUG 8760 --- [mapa] [http-nio-8080-exec-7] [                                                 ] o.s.security.web.FilterChainProxy        : Securing GET /login
2025-10-16T11:22:52.481+02:00 DEBUG 8760 --- [mapa] [http-nio-8080-exec-7] [                                                 ] o.s.security.web.FilterChainProxy        : Secured GET /login
2025-10-16T11:22:52.481+02:00  INFO 8760 --- [mapa] [http-nio-8080-exec-7] [                                                 ] c.c.mapa.controller.MainController       : Intentando logearnos
2025-10-16T11:22:52.484+02:00 DEBUG 8760 --- [mapa] [http-nio-8080-exec-7] [                                                 ] o.s.s.w.a.AnonymousAuthenticationFilter  : Set SecurityContextHolder to anonymous SecurityContext
2025-10-16T11:22:52.534+02:00 DEBUG 8760 --- [mapa] [http-nio-8080-exec-6] [                                                 ] o.s.security.web.FilterChainProxy        : Securing GET /favicon.ico
2025-10-16T11:22:52.536+02:00 DEBUG 8760 --- [mapa] [http-nio-8080-exec-6] [                                                 ] o.s.s.w.a.AnonymousAuthenticationFilter  : Set SecurityContextHolder to anonymous SecurityContext
2025-10-16T11:22:52.536+02:00 DEBUG 8760 --- [mapa] [http-nio-8080-exec-6] [                                                 ] o.s.s.web.DefaultRedirectStrategy        : Redirecting to http://localhost:8080/login
2025-10-16T11:22:52.541+02:00 DEBUG 8760 --- [mapa] [http-nio-8080-exec-10] [                                                 ] o.s.security.web.FilterChainProxy        : Securing GET /login
2025-10-16T11:22:52.543+02:00 DEBUG 8760 --- [mapa] [http-nio-8080-exec-10] [                                                 ] o.s.security.web.FilterChainProxy        : Secured GET /login
2025-10-16T11:22:52.544+02:00  INFO 8760 --- [mapa] [http-nio-8080-exec-10] [                                                 ] c.c.mapa.controller.MainController       : Intentando logearnos
2025-10-16T11:22:52.545+02:00 DEBUG 8760 --- [mapa] [http-nio-8080-exec-10] [                                                 ] o.s.s.w.a.AnonymousAuthenticationFilter  : Set SecurityContextHolder to anonymous SecurityContext
